[WARN]-[2020-11-12 08:35:20,535]-[]-[com.alibaba.nacos.client.naming.net.HttpClient:94]-failed to request http://47.104.225.53:8848/nacos/v1/ns/instance/beat?app=unknown&namespaceId=public&port=9998&clusterName=DEFAULT&ip=192.168.226.1&serviceName=DEFAULT_GROUP%40%40lph-item&encoding=UTF-8 from 47.104.225.53
[ERROR]-[2020-11-12 08:35:20,537]-[]-[com.alibaba.nacos.client.naming.net.HttpClient:102]-[NA] failed to request 
java.net.NoRouteToHostException: No route to host: connect
	at java.net.DualStackPlainSocketImpl.waitForConnect(Native Method)
	at java.net.DualStackPlainSocketImpl.socketConnect(DualStackPlainSocketImpl.java:85)
	at java.net.AbstractPlainSocketImpl.doConnect(AbstractPlainSocketImpl.java:350)
	at java.net.AbstractPlainSocketImpl.connectToAddress(AbstractPlainSocketImpl.java:206)
	at java.net.AbstractPlainSocketImpl.connect(AbstractPlainSocketImpl.java:188)
	at java.net.PlainSocketImpl.connect(PlainSocketImpl.java:172)
	at java.net.SocksSocketImpl.connect(SocksSocketImpl.java:392)
	at java.net.Socket.connect(Socket.java:589)
	at sun.net.NetworkClient.doConnect(NetworkClient.java:175)
	at sun.net.www.http.HttpClient.openServer(HttpClient.java:463)
	at sun.net.www.http.HttpClient.openServer(HttpClient.java:558)
	at sun.net.www.http.HttpClient.<init>(HttpClient.java:242)
	at sun.net.www.http.HttpClient.New(HttpClient.java:339)
	at sun.net.www.http.HttpClient.New(HttpClient.java:357)
	at sun.net.www.protocol.http.HttpURLConnection.getNewHttpClient(HttpURLConnection.java:1220)
	at sun.net.www.protocol.http.HttpURLConnection.plainConnect0(HttpURLConnection.java:1156)
	at sun.net.www.protocol.http.HttpURLConnection.plainConnect(HttpURLConnection.java:1050)
	at sun.net.www.protocol.http.HttpURLConnection.connect(HttpURLConnection.java:984)
	at com.alibaba.nacos.client.naming.net.HttpClient.request(HttpClient.java:86)
	at com.alibaba.nacos.client.naming.net.NamingProxy.callServer(NamingProxy.java:433)
	at com.alibaba.nacos.client.naming.net.NamingProxy.reqAPI(NamingProxy.java:468)
	at com.alibaba.nacos.client.naming.net.NamingProxy.reqAPI(NamingProxy.java:401)
	at com.alibaba.nacos.client.naming.net.NamingProxy.sendBeat(NamingProxy.java:343)
	at com.alibaba.nacos.client.naming.beat.BeatReactor$BeatTask.run(BeatReactor.java:108)
	at java.util.concurrent.Executors$RunnableAdapter.call(Executors.java:511)
	at java.util.concurrent.FutureTask.run$$$capture(FutureTask.java:266)
	at java.util.concurrent.FutureTask.run(FutureTask.java)
	at java.util.concurrent.ScheduledThreadPoolExecutor$ScheduledFutureTask.access$201(ScheduledThreadPoolExecutor.java:180)
	at java.util.concurrent.ScheduledThreadPoolExecutor$ScheduledFutureTask.run(ScheduledThreadPoolExecutor.java:293)
	at java.util.concurrent.ThreadPoolExecutor.runWorker(ThreadPoolExecutor.java:1149)
	at java.util.concurrent.ThreadPoolExecutor$Worker.run(ThreadPoolExecutor.java:624)
	at java.lang.Thread.run(Thread.java:748)
[WARN]-[2020-11-12 08:35:20,548]-[]-[com.alibaba.nacos.client.naming.net.HttpClient:94]-failed to request http://47.104.225.53:8848/nacos/v1/ns/instance/beat?app=unknown&namespaceId=public&port=9998&clusterName=DEFAULT&ip=192.168.226.1&serviceName=DEFAULT_GROUP%40%40lph-item&encoding=UTF-8 from 47.104.225.53
[ERROR]-[2020-11-12 08:35:20,548]-[]-[com.alibaba.nacos.client.naming.net.HttpClient:102]-[NA] failed to request 
java.net.NoRouteToHostException: No route to host: connect
	at java.net.DualStackPlainSocketImpl.waitForConnect(Native Method)
	at java.net.DualStackPlainSocketImpl.socketConnect(DualStackPlainSocketImpl.java:85)
	at java.net.AbstractPlainSocketImpl.doConnect(AbstractPlainSocketImpl.java:350)
	at java.net.AbstractPlainSocketImpl.connectToAddress(AbstractPlainSocketImpl.java:206)
	at java.net.AbstractPlainSocketImpl.connect(AbstractPlainSocketImpl.java:188)
	at java.net.PlainSocketImpl.connect(PlainSocketImpl.java:172)
	at java.net.SocksSocketImpl.connect(SocksSocketImpl.java:392)
	at java.net.Socket.connect(Socket.java:589)
	at sun.net.NetworkClient.doConnect(NetworkClient.java:175)
	at sun.net.www.http.HttpClient.openServer(HttpClient.java:463)
	at sun.net.www.http.HttpClient.openServer(HttpClient.java:558)
	at sun.net.www.http.HttpClient.<init>(HttpClient.java:242)
	at sun.net.www.http.HttpClient.New(HttpClient.java:339)
	at sun.net.www.http.HttpClient.New(HttpClient.java:357)
	at sun.net.www.protocol.http.HttpURLConnection.getNewHttpClient(HttpURLConnection.java:1220)
	at sun.net.www.protocol.http.HttpURLConnection.plainConnect0(HttpURLConnection.java:1156)
	at sun.net.www.protocol.http.HttpURLConnection.plainConnect(HttpURLConnection.java:1050)
	at sun.net.www.protocol.http.HttpURLConnection.connect(HttpURLConnection.java:984)
	at com.alibaba.nacos.client.naming.net.HttpClient.request(HttpClient.java:86)
	at com.alibaba.nacos.client.naming.net.NamingProxy.callServer(NamingProxy.java:433)
	at com.alibaba.nacos.client.naming.net.NamingProxy.reqAPI(NamingProxy.java:482)
	at com.alibaba.nacos.client.naming.net.NamingProxy.reqAPI(NamingProxy.java:401)
	at com.alibaba.nacos.client.naming.net.NamingProxy.sendBeat(NamingProxy.java:343)
	at com.alibaba.nacos.client.naming.beat.BeatReactor$BeatTask.run(BeatReactor.java:108)
	at java.util.concurrent.Executors$RunnableAdapter.call(Executors.java:511)
	at java.util.concurrent.FutureTask.run$$$capture(FutureTask.java:266)
	at java.util.concurrent.FutureTask.run(FutureTask.java)
	at java.util.concurrent.ScheduledThreadPoolExecutor$ScheduledFutureTask.access$201(ScheduledThreadPoolExecutor.java:180)
	at java.util.concurrent.ScheduledThreadPoolExecutor$ScheduledFutureTask.run(ScheduledThreadPoolExecutor.java:293)
	at java.util.concurrent.ThreadPoolExecutor.runWorker(ThreadPoolExecutor.java:1149)
	at java.util.concurrent.ThreadPoolExecutor$Worker.run(ThreadPoolExecutor.java:624)
	at java.lang.Thread.run(Thread.java:748)
[WARN]-[2020-11-12 08:35:20,569]-[]-[com.alibaba.nacos.client.naming.net.HttpClient:94]-failed to request http://47.104.225.53:8848/nacos/v1/ns/instance/beat?app=unknown&namespaceId=public&port=9998&clusterName=DEFAULT&ip=192.168.226.1&serviceName=DEFAULT_GROUP%40%40lph-item&encoding=UTF-8 from 47.104.225.53
[ERROR]-[2020-11-12 08:35:20,569]-[]-[com.alibaba.nacos.client.naming.net.HttpClient:102]-[NA] failed to request 
java.net.NoRouteToHostException: No route to host: connect
	at java.net.DualStackPlainSocketImpl.waitForConnect(Native Method)
	at java.net.DualStackPlainSocketImpl.socketConnect(DualStackPlainSocketImpl.java:85)
	at java.net.AbstractPlainSocketImpl.doConnect(AbstractPlainSocketImpl.java:350)
	at java.net.AbstractPlainSocketImpl.connectToAddress(AbstractPlainSocketImpl.java:206)
	at java.net.AbstractPlainSocketImpl.connect(AbstractPlainSocketImpl.java:188)
	at java.net.PlainSocketImpl.connect(PlainSocketImpl.java:172)
	at java.net.SocksSocketImpl.connect(SocksSocketImpl.java:392)
	at java.net.Socket.connect(Socket.java:589)
	at sun.net.NetworkClient.doConnect(NetworkClient.java:175)
	at sun.net.www.http.HttpClient.openServer(HttpClient.java:463)
	at sun.net.www.http.HttpClient.openServer(HttpClient.java:558)
	at sun.net.www.http.HttpClient.<init>(HttpClient.java:242)
	at sun.net.www.http.HttpClient.New(HttpClient.java:339)
	at sun.net.www.http.HttpClient.New(HttpClient.java:357)
	at sun.net.www.protocol.http.HttpURLConnection.getNewHttpClient(HttpURLConnection.java:1220)
	at sun.net.www.protocol.http.HttpURLConnection.plainConnect0(HttpURLConnection.java:1156)
	at sun.net.www.protocol.http.HttpURLConnection.plainConnect(HttpURLConnection.java:1050)
	at sun.net.www.protocol.http.HttpURLConnection.connect(HttpURLConnection.java:984)
	at com.alibaba.nacos.client.naming.net.HttpClient.request(HttpClient.java:86)
	at com.alibaba.nacos.client.naming.net.NamingProxy.callServer(NamingProxy.java:433)
	at com.alibaba.nacos.client.naming.net.NamingProxy.reqAPI(NamingProxy.java:482)
	at com.alibaba.nacos.client.naming.net.NamingProxy.reqAPI(NamingProxy.java:401)
	at com.alibaba.nacos.client.naming.net.NamingProxy.sendBeat(NamingProxy.java:343)
	at com.alibaba.nacos.client.naming.beat.BeatReactor$BeatTask.run(BeatReactor.java:108)
	at java.util.concurrent.Executors$RunnableAdapter.call(Executors.java:511)
	at java.util.concurrent.FutureTask.run$$$capture(FutureTask.java:266)
	at java.util.concurrent.FutureTask.run(FutureTask.java)
	at java.util.concurrent.ScheduledThreadPoolExecutor$ScheduledFutureTask.access$201(ScheduledThreadPoolExecutor.java:180)
	at java.util.concurrent.ScheduledThreadPoolExecutor$ScheduledFutureTask.run(ScheduledThreadPoolExecutor.java:293)
	at java.util.concurrent.ThreadPoolExecutor.runWorker(ThreadPoolExecutor.java:1149)
	at java.util.concurrent.ThreadPoolExecutor$Worker.run(ThreadPoolExecutor.java:624)
	at java.lang.Thread.run(Thread.java:748)
[WARN]-[2020-11-12 08:35:20,591]-[]-[com.alibaba.nacos.client.naming.net.HttpClient:94]-failed to request http://47.104.225.53:8848/nacos/v1/ns/instance/beat?app=unknown&namespaceId=public&port=9998&clusterName=DEFAULT&ip=192.168.226.1&serviceName=DEFAULT_GROUP%40%40lph-item&encoding=UTF-8 from 47.104.225.53
[ERROR]-[2020-11-12 08:35:20,591]-[]-[com.alibaba.nacos.client.naming.net.HttpClient:102]-[NA] failed to request 
java.net.NoRouteToHostException: No route to host: connect
	at java.net.DualStackPlainSocketImpl.waitForConnect(Native Method)
	at java.net.DualStackPlainSocketImpl.socketConnect(DualStackPlainSocketImpl.java:85)
	at java.net.AbstractPlainSocketImpl.doConnect(AbstractPlainSocketImpl.java:350)
	at java.net.AbstractPlainSocketImpl.connectToAddress(AbstractPlainSocketImpl.java:206)
	at java.net.AbstractPlainSocketImpl.connect(AbstractPlainSocketImpl.java:188)
	at java.net.PlainSocketImpl.connect(PlainSocketImpl.java:172)
	at java.net.SocksSocketImpl.connect(SocksSocketImpl.java:392)
	at java.net.Socket.connect(Socket.java:589)
	at sun.net.NetworkClient.doConnect(NetworkClient.java:175)
	at sun.net.www.http.HttpClient.openServer(HttpClient.java:463)
	at sun.net.www.http.HttpClient.openServer(HttpClient.java:558)
	at sun.net.www.http.HttpClient.<init>(HttpClient.java:242)
	at sun.net.www.http.HttpClient.New(HttpClient.java:339)
	at sun.net.www.http.HttpClient.New(HttpClient.java:357)
	at sun.net.www.protocol.http.HttpURLConnection.getNewHttpClient(HttpURLConnection.java:1220)
	at sun.net.www.protocol.http.HttpURLConnection.plainConnect0(HttpURLConnection.java:1156)
	at sun.net.www.protocol.http.HttpURLConnection.plainConnect(HttpURLConnection.java:1050)
	at sun.net.www.protocol.http.HttpURLConnection.connect(HttpURLConnection.java:984)
	at com.alibaba.nacos.client.naming.net.HttpClient.request(HttpClient.java:86)
	at com.alibaba.nacos.client.naming.net.NamingProxy.callServer(NamingProxy.java:433)
	at com.alibaba.nacos.client.naming.net.NamingProxy.reqAPI(NamingProxy.java:482)
	at com.alibaba.nacos.client.naming.net.NamingProxy.reqAPI(NamingProxy.java:401)
	at com.alibaba.nacos.client.naming.net.NamingProxy.sendBeat(NamingProxy.java:343)
	at com.alibaba.nacos.client.naming.beat.BeatReactor$BeatTask.run(BeatReactor.java:108)
	at java.util.concurrent.Executors$RunnableAdapter.call(Executors.java:511)
	at java.util.concurrent.FutureTask.run$$$capture(FutureTask.java:266)
	at java.util.concurrent.FutureTask.run(FutureTask.java)
	at java.util.concurrent.ScheduledThreadPoolExecutor$ScheduledFutureTask.access$201(ScheduledThreadPoolExecutor.java:180)
	at java.util.concurrent.ScheduledThreadPoolExecutor$ScheduledFutureTask.run(ScheduledThreadPoolExecutor.java:293)
	at java.util.concurrent.ThreadPoolExecutor.runWorker(ThreadPoolExecutor.java:1149)
	at java.util.concurrent.ThreadPoolExecutor$Worker.run(ThreadPoolExecutor.java:624)
	at java.lang.Thread.run(Thread.java:748)
[ERROR]-[2020-11-12 08:35:20,602]-[]-[com.alibaba.nacos.client.naming.net.NamingProxy:492]-request: /nacos/v1/ns/instance/beat failed, servers: [47.104.225.53:8848], code: 500, msg: java.net.NoRouteToHostException: No route to host: connect
[ERROR]-[2020-11-12 08:35:20,602]-[]-[com.alibaba.nacos.client.naming.beat.BeatReactor$BeatTask:139]-[CLIENT-BEAT] failed to send beat: {"cluster":"DEFAULT","ip":"192.168.226.1","metadata":{"preserved.register.source":"SPRING_CLOUD"},"period":5000,"port":9998,"scheduled":false,"serviceName":"DEFAULT_GROUP@@lph-item","stopped":false,"weight":1.0}, code: 500, msg: failed to req API:/api//nacos/v1/ns/instance/beat after all servers([47.104.225.53:8848]) tried: java.net.NoRouteToHostException: No route to host: connect
[INFO]-[2020-11-12 08:35:25,652]-[]-[com.alibaba.nacos.client.naming.net.NamingProxy:196]-[REGISTER-SERVICE] public registering service DEFAULT_GROUP@@lph-item with instance: {"clusterName":"DEFAULT","enabled":true,"ephemeral":true,"healthy":true,"instanceHeartBeatInterval":5000,"instanceHeartBeatTimeOut":15000,"ip":"192.168.226.1","ipDeleteTimeout":30000,"metadata":{"preserved.register.source":"SPRING_CLOUD"},"port":9998,"serviceName":"DEFAULT_GROUP@@lph-item","weight":1.0}
[INFO]-[2020-11-12 08:35:28,473]-[]-[org.springframework.scheduling.concurrent.ExecutorConfigurationSupport:218]-Shutting down ExecutorService 'Nacso-Watch-Task-Scheduler'
[INFO]-[2020-11-12 08:35:28,478]-[]-[com.alibaba.druid.pool.DruidDataSource:2029]-{dataSource-1} closing ...
[INFO]-[2020-11-12 08:35:28,489]-[]-[com.alibaba.druid.pool.DruidDataSource:2101]-{dataSource-1} closed
[INFO]-[2020-11-12 08:35:28,490]-[]-[com.alibaba.cloud.nacos.registry.NacosServiceRegistry:80]-De-registering from Nacos Server now...
[INFO]-[2020-11-12 08:35:28,490]-[]-[com.alibaba.nacos.client.naming.beat.BeatReactor:79]-[BEAT] removing beat: DEFAULT_GROUP@@lph-item:192.168.226.1:9998 from beat map.
[INFO]-[2020-11-12 08:35:28,490]-[]-[com.alibaba.nacos.client.naming.net.NamingProxy:218]-[DEREGISTER-SERVICE] public deregistering service DEFAULT_GROUP@@lph-item with instance: {"clusterName":"DEFAULT","enabled":true,"ephemeral":true,"healthy":true,"instanceHeartBeatInterval":5000,"instanceHeartBeatTimeOut":15000,"instanceIdGenerator":"simple","ip":"192.168.226.1","ipDeleteTimeout":30000,"metadata":{},"port":9998,"weight":1.0}
[INFO]-[2020-11-12 08:35:28,751]-[]-[com.alibaba.cloud.nacos.registry.NacosServiceRegistry:100]-De-registration finished.
[INFO]-[2020-11-12 08:35:28,752]-[]-[org.springframework.scheduling.concurrent.ExecutorConfigurationSupport:218]-Shutting down ExecutorService 'applicationTaskExecutor'
