[INFO]-[2020-09-10 12:35:25,770]-[]-[com.alibaba.nacos.client.config.impl.LocalConfigInfoProcessor:195]-LOCAL_SNAPSHOT_PATH:C:\Users\liupe\nacos\config
[INFO]-[2020-09-10 12:35:25,816]-[]-[com.alibaba.nacos.client.config.impl.Limiter:53]-limitTime:5.0
[INFO]-[2020-09-10 12:35:25,949]-[]-[com.alibaba.nacos.client.config.utils.JVMUtil:47]-isMultiInstance:false
[WARN]-[2020-09-10 12:35:26,149]-[]-[com.alibaba.cloud.nacos.client.NacosPropertySourceBuilder:87]-Ignore the empty nacos configuration and get it based on dataId[lph-spike] & group[DEFAULT_GROUP]
[WARN]-[2020-09-10 12:35:26,228]-[]-[com.alibaba.cloud.nacos.client.NacosPropertySourceBuilder:87]-Ignore the empty nacos configuration and get it based on dataId[lph-spike.yml] & group[DEFAULT_GROUP]
[INFO]-[2020-09-10 12:35:26,229]-[]-[org.springframework.cloud.bootstrap.config.PropertySourceBootstrapConfiguration:105]-Located property source: [BootstrapPropertySource {name='bootstrapProperties-lph-spike.yml,DEFAULT_GROUP'}, BootstrapPropertySource {name='bootstrapProperties-lph-spike,DEFAULT_GROUP'}, BootstrapPropertySource {name='bootstrapProperties-spike-common.yml,PUBLIC_GROUP'}, BootstrapPropertySource {name='bootstrapProperties-spike-mysql.yml,PUBLIC_GROUP'}, BootstrapPropertySource {name='bootstrapProperties-spike-redis.yml,PUBLIC_GROUP'}]
[INFO]-[2020-09-10 12:35:26,244]-[]-[org.springframework.boot.SpringApplication:651]-No active profile set, falling back to default profiles: default
[INFO]-[2020-09-10 12:35:26,851]-[]-[org.springframework.data.repository.config.RepositoryConfigurationDelegate:249]-Multiple Spring Data modules found, entering strict repository configuration mode!
[INFO]-[2020-09-10 12:35:26,854]-[]-[org.springframework.data.repository.config.RepositoryConfigurationDelegate:127]-Bootstrapping Spring Data Redis repositories in DEFAULT mode.
[INFO]-[2020-09-10 12:35:26,886]-[]-[org.springframework.data.repository.config.RepositoryConfigurationDelegate:187]-Finished Spring Data repository scanning in 9ms. Found 0 Redis repository interfaces.
[INFO]-[2020-09-10 12:35:27,116]-[]-[org.springframework.cloud.context.scope.GenericScope:295]-BeanFactory id=0e1ecd12-75e9-3dc2-8324-5ab8a2a9308e
[INFO]-[2020-09-10 12:35:27,505]-[]-[org.springframework.boot.web.embedded.tomcat.TomcatWebServer:92]-Tomcat initialized with port(s): 9999 (http)
[INFO]-[2020-09-10 12:35:27,522]-[]-[org.apache.juli.logging.DirectJDKLog:173]-Initializing ProtocolHandler ["http-nio-9999"]
[INFO]-[2020-09-10 12:35:27,523]-[]-[org.apache.juli.logging.DirectJDKLog:173]-Starting com.lph.service [Tomcat]
[INFO]-[2020-09-10 12:35:27,523]-[]-[org.apache.juli.logging.DirectJDKLog:173]-Starting Servlet engine: [Apache Tomcat/9.0.31]
[INFO]-[2020-09-10 12:35:27,676]-[]-[org.apache.juli.logging.DirectJDKLog:173]-Initializing Spring embedded WebApplicationContext
[INFO]-[2020-09-10 12:35:27,676]-[]-[org.springframework.boot.web.servlet.context.ServletWebServerApplicationContext:284]-Root WebApplicationContext: initialization completed in 1414 ms
[WARN]-[2020-09-10 12:35:27,842]-[]-[org.springframework.context.support.AbstractApplicationContext:558]-Exception encountered during context initialization - cancelling refresh attempt: org.springframework.beans.factory.UnsatisfiedDependencyException: Error creating bean with name 'lphUserController': Unsatisfied dependency expressed through field 'lphUserService'; nested exception is org.springframework.beans.factory.UnsatisfiedDependencyException: Error creating bean with name 'lphUserService': Unsatisfied dependency expressed through field 'lphUserMapper'; nested exception is org.springframework.beans.factory.UnsatisfiedDependencyException: Error creating bean with name 'lphUserMapper' defined in file [D:\workspace\lph-parent\lph-spike\target\classes\com\lph\code\com.lph.dao\LphUserMapper.class]: Unsatisfied dependency expressed through bean property 'sqlSessionFactory'; nested exception is org.springframework.beans.factory.UnsatisfiedDependencyException: Error creating bean with name 'sqlSessionFactory' defined in class path resource [com/baomidou/mybatisplus/autoconfigure/MybatisPlusAutoConfiguration.class]: Unsatisfied dependency expressed through method 'sqlSessionFactory' parameter 0; nested exception is org.springframework.beans.factory.UnsatisfiedDependencyException: Error creating bean with name 'dataSource' defined in class path resource [org/springframework/boot/autoconfigure/jdbc/DataSourceConfiguration$Generic.class]: Unsatisfied dependency expressed through method 'dataSource' parameter 0; nested exception is org.springframework.boot.context.properties.ConfigurationPropertiesBindException: Error creating bean with name 'spring.datasource-org.springframework.boot.autoconfigure.jdbc.DataSourceProperties': Could not bind properties to 'DataSourceProperties' : prefix=spring.datasource, ignoreInvalidFields=false, ignoreUnknownFields=true; nested exception is org.springframework.boot.context.properties.bind.BindException: Failed to bind properties under 'spring.datasource.type' to java.lang.Class<javax.sql.DataSource>
[INFO]-[2020-09-10 12:35:27,843]-[]-[org.apache.juli.logging.DirectJDKLog:173]-Stopping com.lph.service [Tomcat]
[INFO]-[2020-09-10 12:35:27,851]-[]-[org.springframework.boot.autoconfigure.logging.ConditionEvaluationReportLoggingListener:136]-

Error starting ApplicationContext. To display the conditions report re-run your application with 'debug' enabled.
[ERROR]-[2020-09-10 12:35:27,855]-[]-[org.springframework.boot.diagnostics.LoggingFailureAnalysisReporter:40]-

***************************
APPLICATION FAILED TO START
***************************

Description:

Failed to bind properties under 'spring.datasource.type' to java.lang.Class<javax.sql.DataSource>:

    Property: spring.datasource.type
    Value: com.alibaba.druid.pool.DruidDataSource
    Origin: "spring.datasource.type" from property source "bootstrapProperties-spike-mysql.yml,PUBLIC_GROUP"
    Reason: No converter found capable of converting from type [java.lang.String] to type [java.lang.Class<javax.sql.DataSource>]

Action:

Update your application's configuration

